10741077_Remix.mp3
1554_Destroying_Education_and_Democracy_for_Fun_and_Profit_-_General.mp3
1679_The_Middle_East_War_Process-_Syrias_Transition_Israels_Expansion_and_Beyond.mp3
1680_-_1425_10.18.mp3
1680_Decivilization_or_A_Natural_Reaction_to_Inhumane_Systems.srt
1c3410ac-193d-4ffb-aeaa-079e1a86fdcd.mp3
20241120_lseiq_ep69_whoOwnsOuterSpace.mp3
20241212_1830_automationManagementAndTheFutureOfWork.mp3
20250107_lseiq_ep70_riversSeasSewage.mp3
373959f2-dcdb-4dfd-8c8f-96ad1c6f2c76.mp3
66e3ab16-b17d-4bf1-9e3a-f01bd4b82228.mp3
98bbdbe6-b28a-4905-8b5e-36016f0fafbf.mp3
b961a050-d94a-4d3d-a583-7652f61ac4f2.mp3
Core_Texts_Class_Announcement_1-1-24.mp3
PEL_ep_357pt2_11-24-24.mp3
PEL_ep_358pt1_12-10-24.mp3
PEL_Nightcap_12-21-24.mp3
peter_momtchiloff.mp3
SAMPLE_BONUS_331_-_The_realignment_will_make_you_seasick.mp3
Samuel_Scheffler.mp3
talbotcr01-medium-audio.mp3
